# JRE version: OpenJDK Runtime Environment (8.0_181-b02) (build 1.8.0_181-b02)
# Java VM: OpenJDK 64-Bit Server VM (25.181-b02 mixed mode linux-amd64 compressed oops)
Heap:
 PSYoungGen      total 204800K, used 8179K [0x00000000d7200000, 0x00000000eaf80000, 0x0000000100000000)
  eden space 177664K, 0% used [0x00000000d7200000,0x00000000d7200000,0x00000000e1f80000)
  from space 27136K, 30% used [0x00000000e1f80000,0x00000000e277cf70,0x00000000e3a00000)
  to   space 38912K, 0% used [0x00000000e8980000,0x00000000e8980000,0x00000000eaf80000)
 ParOldGen       total 70656K, used 70435K [0x0000000085600000, 0x0000000089b00000, 0x00000000d7200000)
  object space 70656K, 99% used [0x0000000085600000,0x0000000089ac8c08,0x0000000089b00000)
 Metaspace       used 24706K, capacity 25234K, committed 25520K, reserved 1073152K
  class space    used 2440K, capacity 2616K, committed 2736K, reserved 1048576K
GC Heap History (10 events):
Event: 6,089 GC heap after
Heap after GC invocations=6 (full 0):
 PSYoungGen      total 138752K, used 8028K [0x00000000d7200000, 0x00000000e0600000, 0x0000000100000000)
  eden space 126976K, 0% used [0x00000000d7200000,0x00000000d7200000,0x00000000dee00000)
  from space 11776K, 68% used [0x00000000dfa80000,0x00000000e02573f0,0x00000000e0600000)
  to   space 12288K, 0% used [0x00000000dee00000,0x00000000dee00000,0x00000000dfa00000)
 ParOldGen       total 84992K, used 14543K [0x0000000085600000, 0x000000008a900000, 0x00000000d7200000)
  object space 84992K, 17% used [0x0000000085600000,0x0000000086433dd0,0x000000008a900000)
 Metaspace       used 20733K, capacity 21170K, committed 21296K, reserved 1069056K
  class space    used 2157K, capacity 2311K, committed 2352K, reserved 1048576K
}
Event: 6,089 GC heap before
{Heap before GC invocations=7 (full 1):
 PSYoungGen      total 138752K, used 8028K [0x00000000d7200000, 0x00000000e0600000, 0x0000000100000000)
  eden space 126976K, 0% used [0x00000000d7200000,0x00000000d7200000,0x00000000dee00000)
  from space 11776K, 68% used [0x00000000dfa80000,0x00000000e02573f0,0x00000000e0600000)
  to   space 12288K, 0% used [0x00000000dee00000,0x00000000dee00000,0x00000000dfa00000)
 ParOldGen       total 84992K, used 14543K [0x0000000085600000, 0x000000008a900000, 0x00000000d7200000)
  object space 84992K, 17% used [0x0000000085600000,0x0000000086433dd0,0x000000008a900000)
 Metaspace       used 20733K, capacity 21170K, committed 21296K, reserved 1069056K
  class space    used 2157K, capacity 2311K, committed 2352K, reserved 1048576K
Event: 6,253 GC heap after
Heap after GC invocations=7 (full 1):
 PSYoungGen      total 138752K, used 0K [0x00000000d7200000, 0x00000000e0600000, 0x0000000100000000)
  eden space 126976K, 0% used [0x00000000d7200000,0x00000000d7200000,0x00000000dee00000)
  from space 11776K, 0% used [0x00000000dfa80000,0x00000000dfa80000,0x00000000e0600000)
  to   space 12288K, 0% used [0x00000000dee00000,0x00000000dee00000,0x00000000dfa00000)
 ParOldGen       total 70656K, used 15209K [0x0000000085600000, 0x0000000089b00000, 0x00000000d7200000)
  object space 70656K, 21% used [0x0000000085600000,0x00000000864da700,0x0000000089b00000)
 Metaspace       used 20733K, capacity 21170K, committed 21296K, reserved 1069056K
  class space    used 2157K, capacity 2311K, committed 2352K, reserved 1048576K
}
Event: 8,990 GC heap before
{Heap before GC invocations=8 (full 1):
 PSYoungGen      total 138752K, used 126976K [0x00000000d7200000, 0x00000000e0600000, 0x0000000100000000)
  eden space 126976K, 100% used [0x00000000d7200000,0x00000000dee00000,0x00000000dee00000)
  from space 11776K, 0% used [0x00000000dfa80000,0x00000000dfa80000,0x00000000e0600000)
  to   space 12288K, 0% used [0x00000000dee00000,0x00000000dee00000,0x00000000dfa00000)
 ParOldGen       total 70656K, used 15209K [0x0000000085600000, 0x0000000089b00000, 0x00000000d7200000)
  object space 70656K, 21% used [0x0000000085600000,0x00000000864da700,0x0000000089b00000)
 Metaspace       used 23752K, capacity 24398K, committed 24624K, reserved 1071104K
  class space    used 2417K, capacity 2578K, committed 2608K, reserved 1048576K
Event: 9,035 GC heap after
Heap after GC invocations=8 (full 1):
 PSYoungGen      total 139264K, used 12288K [0x00000000d7200000, 0x00000000e4c00000, 0x0000000100000000)
  eden space 126976K, 0% used [0x00000000d7200000,0x00000000d7200000,0x00000000dee00000)
  from space 12288K, 100% used [0x00000000dee00000,0x00000000dfa00000,0x00000000dfa00000)
  to   space 18432K, 0% used [0x00000000e3a00000,0x00000000e3a00000,0x00000000e4c00000)
 ParOldGen       total 70656K, used 24672K [0x0000000085600000, 0x0000000089b00000, 0x00000000d7200000)
  object space 70656K, 34% used [0x0000000085600000,0x0000000086e18180,0x0000000089b00000)
 Metaspace       used 23752K, capacity 24398K, committed 24624K, reserved 1071104K
  class space    used 2417K, capacity 2578K, committed 2608K, reserved 1048576K
}
Event: 10,210 GC heap before
{Heap before GC invocations=9 (full 1):
 PSYoungGen      total 139264K, used 139264K [0x00000000d7200000, 0x00000000e4c00000, 0x0000000100000000)
  eden space 126976K, 100% used [0x00000000d7200000,0x00000000dee00000,0x00000000dee00000)
  from space 12288K, 100% used [0x00000000dee00000,0x00000000dfa00000,0x00000000dfa00000)
  to   space 18432K, 0% used [0x00000000e3a00000,0x00000000e3a00000,0x00000000e4c00000)
 ParOldGen       total 70656K, used 24672K [0x0000000085600000, 0x0000000089b00000, 0x00000000d7200000)
  object space 70656K, 34% used [0x0000000085600000,0x0000000086e18180,0x0000000089b00000)
 Metaspace       used 24456K, capacity 25106K, committed 25264K, reserved 1071104K
  class space    used 2436K, capacity 2616K, committed 2736K, reserved 1048576K
Event: 10,290 GC heap after
Heap after GC invocations=9 (full 1):
 PSYoungGen      total 196096K, used 18432K [0x00000000d7200000, 0x00000000e6880000, 0x0000000100000000)
  eden space 177664K, 0% used [0x00000000d7200000,0x00000000d7200000,0x00000000e1f80000)
  from space 18432K, 100% used [0x00000000e3a00000,0x00000000e4c00000,0x00000000e4c00000)
  to   space 27136K, 0% used [0x00000000e1f80000,0x00000000e1f80000,0x00000000e3a00000)
 ParOldGen       total 70656K, used 38037K [0x0000000085600000, 0x0000000089b00000, 0x00000000d7200000)
  object space 70656K, 53% used [0x0000000085600000,0x0000000087b25588,0x0000000089b00000)
 Metaspace       used 24456K, capacity 25106K, committed 25264K, reserved 1071104K
  class space    used 2436K, capacity 2616K, committed 2736K, reserved 1048576K
}
Event: 11,365 GC heap before
{Heap before GC invocations=10 (full 1):
 PSYoungGen      total 196096K, used 196096K [0x00000000d7200000, 0x00000000e6880000, 0x0000000100000000)
  eden space 177664K, 100% used [0x00000000d7200000,0x00000000e1f80000,0x00000000e1f80000)
  from space 18432K, 100% used [0x00000000e3a00000,0x00000000e4c00000,0x00000000e4c00000)
  to   space 27136K, 0% used [0x00000000e1f80000,0x00000000e1f80000,0x00000000e3a00000)
 ParOldGen       total 70656K, used 38037K [0x0000000085600000, 0x0000000089b00000, 0x00000000d7200000)
  object space 70656K, 53% used [0x0000000085600000,0x0000000087b25588,0x0000000089b00000)
 Metaspace       used 24706K, capacity 25234K, committed 25520K, reserved 1073152K
  class space    used 2440K, capacity 2616K, committed 2736K, reserved 1048576K
Event: 11,476 GC heap after
Heap after GC invocations=10 (full 1):
 PSYoungGen      total 204800K, used 27136K [0x00000000d7200000, 0x00000000eaf80000, 0x0000000100000000)
  eden space 177664K, 0% used [0x00000000d7200000,0x00000000d7200000,0x00000000e1f80000)
  from space 27136K, 100% used [0x00000000e1f80000,0x00000000e3a00000,0x00000000e3a00000)
  to   space 38912K, 0% used [0x00000000e8980000,0x00000000e8980000,0x00000000eaf80000)
 ParOldGen       total 70656K, used 56015K [0x0000000085600000, 0x0000000089b00000, 0x00000000d7200000)
  object space 70656K, 79% used [0x0000000085600000,0x0000000088cb3dc8,0x0000000089b00000)
 Metaspace       used 24706K, capacity 25234K, committed 25520K, reserved 1073152K
  class space    used 2440K, capacity 2616K, committed 2736K, reserved 1048576K
}
Event: 11,476 GC heap before
{Heap before GC invocations=11 (full 2):
 PSYoungGen      total 204800K, used 27136K [0x00000000d7200000, 0x00000000eaf80000, 0x0000000100000000)
  eden space 177664K, 0% used [0x00000000d7200000,0x00000000d7200000,0x00000000e1f80000)
  from space 27136K, 100% used [0x00000000e1f80000,0x00000000e3a00000,0x00000000e3a00000)
  to   space 38912K, 0% used [0x00000000e8980000,0x00000000e8980000,0x00000000eaf80000)
 ParOldGen       total 70656K, used 56015K [0x0000000085600000, 0x0000000089b00000, 0x00000000d7200000)
  object space 70656K, 79% used [0x0000000085600000,0x0000000088cb3dc8,0x0000000089b00000)
 Metaspace       used 24706K, capacity 25234K, committed 25520K, reserved 1073152K
  class space    used 2440K, capacity 2616K, committed 2736K, reserved 1048576K

