# JRE version: OpenJDK Runtime Environment (8.0_181-b02) (build 1.8.0_181-b02)
# Java VM: OpenJDK 64-Bit Server VM (25.181-b02 mixed mode linux-amd64 compressed oops)
Heap:
 PSYoungGen      total 132096K, used 5088K [0x00000000d7200000, 0x00000000df800000, 0x0000000100000000)
  eden space 126976K, 0% used [0x00000000d7200000,0x00000000d7200000,0x00000000dee00000)
  from space 5120K, 99% used [0x00000000dee00000,0x00000000df2f8020,0x00000000df300000)
  to   space 5120K, 0% used [0x00000000df300000,0x00000000df300000,0x00000000df800000)
 ParOldGen       total 84992K, used 16967K [0x0000000085600000, 0x000000008a900000, 0x00000000d7200000)
  object space 84992K, 19% used [0x0000000085600000,0x0000000086691d80,0x000000008a900000)
 Metaspace       used 20718K, capacity 21170K, committed 21296K, reserved 1069056K
  class space    used 2154K, capacity 2311K, committed 2352K, reserved 1048576K
GC Heap History (9 events):
Event: 2,004 GC heap before
{Heap before GC invocations=1 (full 0):
 PSYoungGen      total 36864K, used 31744K [0x00000000d7200000, 0x00000000d9b00000, 0x0000000100000000)
  eden space 31744K, 100% used [0x00000000d7200000,0x00000000d9100000,0x00000000d9100000)
  from space 5120K, 0% used [0x00000000d9600000,0x00000000d9600000,0x00000000d9b00000)
  to   space 5120K, 0% used [0x00000000d9100000,0x00000000d9100000,0x00000000d9600000)
 ParOldGen       total 84992K, used 0K [0x0000000085600000, 0x000000008a900000, 0x00000000d7200000)
  object space 84992K, 0% used [0x0000000085600000,0x0000000085600000,0x000000008a900000)
 Metaspace       used 7972K, capacity 8188K, committed 8320K, reserved 1056768K
  class space    used 960K, capacity 1064K, committed 1152K, reserved 1048576K
Event: 2,028 GC heap after
Heap after GC invocations=1 (full 0):
 PSYoungGen      total 36864K, used 3514K [0x00000000d7200000, 0x00000000dba00000, 0x0000000100000000)
  eden space 31744K, 0% used [0x00000000d7200000,0x00000000d7200000,0x00000000d9100000)
  from space 5120K, 68% used [0x00000000d9100000,0x00000000d946e9d0,0x00000000d9600000)
  to   space 5120K, 0% used [0x00000000db500000,0x00000000db500000,0x00000000dba00000)
 ParOldGen       total 84992K, used 8K [0x0000000085600000, 0x000000008a900000, 0x00000000d7200000)
  object space 84992K, 0% used [0x0000000085600000,0x0000000085602000,0x000000008a900000)
 Metaspace       used 7972K, capacity 8188K, committed 8320K, reserved 1056768K
  class space    used 960K, capacity 1064K, committed 1152K, reserved 1048576K
}
Event: 3,418 GC heap before
{Heap before GC invocations=2 (full 0):
 PSYoungGen      total 36864K, used 35258K [0x00000000d7200000, 0x00000000dba00000, 0x0000000100000000)
  eden space 31744K, 100% used [0x00000000d7200000,0x00000000d9100000,0x00000000d9100000)
  from space 5120K, 68% used [0x00000000d9100000,0x00000000d946e9d0,0x00000000d9600000)
  to   space 5120K, 0% used [0x00000000db500000,0x00000000db500000,0x00000000dba00000)
 ParOldGen       total 84992K, used 8K [0x0000000085600000, 0x000000008a900000, 0x00000000d7200000)
  object space 84992K, 0% used [0x0000000085600000,0x0000000085602000,0x000000008a900000)
 Metaspace       used 13031K, capacity 13360K, committed 13568K, reserved 1060864K
  class space    used 1572K, capacity 1670K, committed 1792K, reserved 1048576K
Event: 3,438 GC heap after
Heap after GC invocations=2 (full 0):
 PSYoungGen      total 68608K, used 5102K [0x00000000d7200000, 0x00000000dba00000, 0x0000000100000000)
  eden space 63488K, 0% used [0x00000000d7200000,0x00000000d7200000,0x00000000db000000)
  from space 5120K, 99% used [0x00000000db500000,0x00000000db9fbac0,0x00000000dba00000)
  to   space 5120K, 0% used [0x00000000db000000,0x00000000db000000,0x00000000db500000)
 ParOldGen       total 84992K, used 2117K [0x0000000085600000, 0x000000008a900000, 0x00000000d7200000)
  object space 84992K, 2% used [0x0000000085600000,0x0000000085811640,0x000000008a900000)
 Metaspace       used 13031K, capacity 13360K, committed 13568K, reserved 1060864K
  class space    used 1572K, capacity 1670K, committed 1792K, reserved 1048576K
}
Event: 5,112 GC heap before
{Heap before GC invocations=3 (full 0):
 PSYoungGen      total 68608K, used 68590K [0x00000000d7200000, 0x00000000dba00000, 0x0000000100000000)
  eden space 63488K, 100% used [0x00000000d7200000,0x00000000db000000,0x00000000db000000)
  from space 5120K, 99% used [0x00000000db500000,0x00000000db9fbac0,0x00000000dba00000)
  to   space 5120K, 0% used [0x00000000db000000,0x00000000db000000,0x00000000db500000)
 ParOldGen       total 84992K, used 2117K [0x0000000085600000, 0x000000008a900000, 0x00000000d7200000)
  object space 84992K, 2% used [0x0000000085600000,0x0000000085811640,0x000000008a900000)
 Metaspace       used 18297K, capacity 18772K, committed 18944K, reserved 1067008K
  class space    used 2004K, capacity 2177K, committed 2304K, reserved 1048576K
Event: 5,149 GC heap after
Heap after GC invocations=3 (full 0):
 PSYoungGen      total 68608K, used 5112K [0x00000000d7200000, 0x00000000df800000, 0x0000000100000000)
  eden space 63488K, 0% used [0x00000000d7200000,0x00000000d7200000,0x00000000db000000)
  from space 5120K, 99% used [0x00000000db000000,0x00000000db4fe0b0,0x00000000db500000)
  to   space 5120K, 0% used [0x00000000df300000,0x00000000df300000,0x00000000df800000)
 ParOldGen       total 84992K, used 8940K [0x0000000085600000, 0x000000008a900000, 0x00000000d7200000)
  object space 84992K, 10% used [0x0000000085600000,0x0000000085ebb370,0x000000008a900000)
 Metaspace       used 18297K, capacity 18772K, committed 18944K, reserved 1067008K
  class space    used 2004K, capacity 2177K, committed 2304K, reserved 1048576K
}
Event: 6,256 GC heap before
{Heap before GC invocations=4 (full 0):
 PSYoungGen      total 68608K, used 68600K [0x00000000d7200000, 0x00000000df800000, 0x0000000100000000)
  eden space 63488K, 100% used [0x00000000d7200000,0x00000000db000000,0x00000000db000000)
  from space 5120K, 99% used [0x00000000db000000,0x00000000db4fe0b0,0x00000000db500000)
  to   space 5120K, 0% used [0x00000000df300000,0x00000000df300000,0x00000000df800000)
 ParOldGen       total 84992K, used 8940K [0x0000000085600000, 0x000000008a900000, 0x00000000d7200000)
  object space 84992K, 10% used [0x0000000085600000,0x0000000085ebb370,0x000000008a900000)
 Metaspace       used 19904K, capacity 20352K, committed 20480K, reserved 1067008K
  class space    used 2061K, capacity 2212K, committed 2304K, reserved 1048576K
Event: 6,286 GC heap after
Heap after GC invocations=4 (full 0):
 PSYoungGen      total 132096K, used 5088K [0x00000000d7200000, 0x00000000df800000, 0x0000000100000000)
  eden space 126976K, 0% used [0x00000000d7200000,0x00000000d7200000,0x00000000dee00000)
  from space 5120K, 99% used [0x00000000df300000,0x00000000df7f8020,0x00000000df800000)
  to   space 5120K, 0% used [0x00000000dee00000,0x00000000dee00000,0x00000000df300000)
 ParOldGen       total 84992K, used 14575K [0x0000000085600000, 0x000000008a900000, 0x00000000d7200000)
  object space 84992K, 17% used [0x0000000085600000,0x000000008643be50,0x000000008a900000)
 Metaspace       used 19904K, capacity 20352K, committed 20480K, reserved 1067008K
  class space    used 2061K, capacity 2212K, committed 2304K, reserved 1048576K
}
Event: 6,724 GC heap before
{Heap before GC invocations=5 (full 0):
 PSYoungGen      total 132096K, used 25423K [0x00000000d7200000, 0x00000000df800000, 0x0000000100000000)
  eden space 126976K, 16% used [0x00000000d7200000,0x00000000d85dbca8,0x00000000dee00000)
  from space 5120K, 99% used [0x00000000df300000,0x00000000df7f8020,0x00000000df800000)
  to   space 5120K, 0% used [0x00000000dee00000,0x00000000dee00000,0x00000000df300000)
 ParOldGen       total 84992K, used 14575K [0x0000000085600000, 0x000000008a900000, 0x00000000d7200000)
  object space 84992K, 17% used [0x0000000085600000,0x000000008643be50,0x000000008a900000)
 Metaspace       used 20718K, capacity 21170K, committed 21296K, reserved 1069056K
  class space    used 2154K, capacity 2311K, committed 2352K, reserved 1048576K

